~~~
<div id="f35abe44-50a2-4213-8dfb-bed44297981f" data-jscall-id="108" style="visibility: hidden;">
  <div data-jscall-id="103">slider 1: 
    <input step="1" max="100" min="1" data-jscall-id="104" value="1" oninput="JSServe.update_obs('7184169347517521590', parseFloat(value))" type="range" />
    <p data-jscall-id="102">1</p>
  </div>
  <script data-jscall-id="105" type="text/javascript">
    window.__define = window.define;
    window.__require = window.require;
    window.define = undefined;
    window.require = undefined;

</script>
  <script data-jscall-id="106" type="text/javascript">
    window.define = window.__define;
    window.require = window.__require;
    window.__define = undefined;
    window.__require = undefined;

</script>
  <script data-jscall-id="107" type="text/javascript">
(()=> {
    JSServe.register_sub_session('f35abe44-50a2-4213-8dfb-bed44297981f')
    const init_data_b64 = 'H4sIAAAAAAAAA8VUzW7TQBgU1zzF3txITer9sR0jlQOUA5GgVOGG0Grj/RIW7F3LXqexEJdwRqJXboDUcKY8BK/A27BxSlpQ1IikEj7Z+uYbe2bWM5vnok6NkB/f/b6781nJiwj3GA5jyqIARwHBQex/zcoxt3UOn4IVdnbB+SsxEWVSqNw2U87P+4MHRsIKc16aqkjg548CbFVoNKp0YpXRyGhe5VJY2NNwyiciraCN3rSQuw4OlLZQ5CYVVukxMiN0dPwYacdbIqElMvYlFKhfpUqgZrNEp6Z4jTJT2rRGokQwzSGxIO82hInRpUU5hxQy0BYdIs7BLXI3sDC1nD/3XzTIFaartIbimRs69OoLW29b88uds7Xy50cme3JN/xfsk42W4j/s/0Z8P3YQB2Y0jCIWknXuywVtGBGKKY1YgCkJGYnJWuyC9jsmcUgdxKehH/RiPw4Z3TnWp5exNu4c3kP9wQCKCXSX0fJFZFxYW6hh5ZJe4/o+8koLube/pGj/s71sk2V4O2XHt6AsE9PdhN0c8P9UpvRuyjYcxy2lndyCtGZ3x9hu/t1nW2l7f9VkIs9TlYhFj3JpMtdQ0iRVU1tjsA+XDXa/fiT3vBENxBAY6wS+IB1GMO305GjYGYJkzv0o7uGR12667y/WbmnrFLoTVaqhSpWt3Wu85ikFb1WDH650XTuZ8S/4+myDWwYAAA=='
    JSServe.init_from_b64(init_data_b64)
    if (!true){
        JSServe.update_obs('3688597299162331270', true)
    }
})()
</script>
</div>
~~~
