~~~
<div id="ac309012-94e4-41bc-b213-9ae1799a5881" data-jscall-id="108" style="visibility: hidden;">
  <div data-jscall-id="103">slider 1: 
    <input step="1" max="100" min="1" data-jscall-id="104" value="1" oninput="JSServe.update_obs('17975749349232458569', parseFloat(value))" type="range" />
    <p data-jscall-id="102">1</p>
  </div>
  <script data-jscall-id="105" type="text/javascript">
    window.__define = window.define;
    window.__require = window.require;
    window.define = undefined;
    window.require = undefined;

</script>
  <script data-jscall-id="106" type="text/javascript">
    window.define = window.__define;
    window.require = window.__require;
    window.__define = undefined;
    window.__require = undefined;

</script>
  <script data-jscall-id="107" type="text/javascript">
(()=> {
    JSServe.register_sub_session('ac309012-94e4-41bc-b213-9ae1799a5881')
    const init_data_b64 = 'H4sIAAAAAAAAA8WUT2/TMBjGxbWfwres0trZzl8jjQOMA5VgoHJDyHKTd8WQ2FHsdI0Ql3JGgis3QFq5w4fgK/Bt8NKRTVPViXYSOSXy8772732cZ7EsRZNrkX1+//ftzleZ/SQxi8M4YH7AqE+DMAkj9r0wU26bEr6EnXjxg/PXYiZMWsnStqucn43GD3QGnebM6LpK4fevCmxdKXRSq9RKrZBWvC4zYWFPwSmfibyGPnrbQ+45OJDKQlXqXFippkifoKPjx0i5vgYJlSFtX0GFRnUuBWorDTrV1RtUaGPzBgmDYF5CaiG72zZMtTIWlRxyKEBZdIg4B1fI3YKFueX8BX7ZKjvNUCoF1XO36NTdCXvvesuLmk9r8ZdHunhyhf8bwfTmmZJrBmAS0Iji2BVjjOOAMH+dAdlKTOPID3wS4zAkOKRJRNeJV50poyQOk5gkEaEkihNCdrb26YW17YQO76HReAzVDIYre/m5bVxYW8lJ7dxeM/l95BkLpbe/atH/5xEHN0+NbMd2fAtshZjvjLbJ4/+JJtWuaBtv5JZoz24Bra3dFW7zX7/YCu7DZaKJssxlKs7zlGe6cEmV6bRu42sK9uEqye43j7I9T6Q+ZpjQAQsgGARkkg4mlPgDJsCdkokwSYjXbzPwWtehsU0Ow5k0ciJzaRu3jdd+5eB1cfjxkuvK1WR/APvgUURkBgAA'
    JSServe.init_from_b64(init_data_b64)
    if (!true){
        JSServe.update_obs('16070435927214901144', true)
    }
})()
</script>
</div>
~~~
