~~~
<div id="3b5febca-f4ea-4869-9d65-dae99be979ea" data-jscall-id="108" style="visibility: hidden;">
  <div data-jscall-id="103">slider 1: 
    <input step="1" max="100" min="1" data-jscall-id="104" value="1" oninput="JSServe.update_obs('4114929030510258710', parseFloat(value))" type="range" />
    <p data-jscall-id="102">1</p>
  </div>
  <script data-jscall-id="105" type="text/javascript">
    window.__define = window.define;
    window.__require = window.require;
    window.define = undefined;
    window.require = undefined;

</script>
  <script data-jscall-id="106" type="text/javascript">
    window.define = window.__define;
    window.require = window.__require;
    window.__define = undefined;
    window.__require = undefined;

</script>
  <script data-jscall-id="107" type="text/javascript">
(()=> {
    JSServe.register_sub_session('3b5febca-f4ea-4869-9d65-dae99be979ea')
    const init_data_b64 = 'H4sIAAAAAAAAA8VUT2/TMBwV134K37JKa5f/iZHGAcaBSjCmckPIcuJfiyGxo9jpGk1cyhlpXLkB0sp9X4KvwLfBTUc2UNRp7SQiRUrk93vOey9+i2VB60xS9uXjn6cH3zi79B3Hxy62PTtwbDeII8f+kasp0XUBX4MWu7gk5B2dUZWWvNDNKiEXo/ETyaDFXChZlSn8+lmCrkqBJpVINZcCSUGqglENewJOyYxmFfTRWQ+Z6+CACw1lITOquZgiOUFHx8+RMLwKUcGQ1G+hRKMq4xQ1kwqdyvI9yqXSWY2oQjAvINXAHjaEqRRKo4JABjkIjQ4RIWAGiVnQMNeEvLbfNMgWM+RCQPnKLBp0+4W9D73l1cznTvnLI5m/uKH/uzHwVkudv+3Hjh95ceBFXmRHvufEnttlP1thYz+OHWxgOHZD23dCD3dhG17PxYG5DW+MQ99z7W7snWJ9eRVr487hIzQaj6GcwXAdLVlFRqjWJU8qk3SH6/vIUhoKa39N0b+zvf6tljnbSTu+B2k5ne+obGPA/1MZFzsq2/g7bqns5B6UNbM7att83Bdbaft03WS0KDKe0lWPEiZz01BMplVTW1PQT9cN9rh+xvYsLwkmkKR0MPGBDvw4xAPMwmDAKGCcAI4wUKvfdN8/rEOl6wyGM654wjOua7ON1bxlYLU1eH6t68aRw78B2V4/pFsGAAA='
    JSServe.init_from_b64(init_data_b64)
    if (!true){
        JSServe.update_obs('12032964025512889114', true)
    }
})()
</script>
</div>
~~~
