~~~
<div id="67542ef1-d488-463e-8f50-ba458d0b97b4" data-jscall-id="108" style="visibility: hidden;">
  <div data-jscall-id="103">slider 1: 
    <input step="1" max="100" min="1" data-jscall-id="104" value="1" oninput="JSServe.update_obs('3804796830843944945', parseFloat(value))" type="range" />
    <p data-jscall-id="102">1</p>
  </div>
  <script data-jscall-id="105" type="text/javascript">
    window.__define = window.define;
    window.__require = window.require;
    window.define = undefined;
    window.require = undefined;

</script>
  <script data-jscall-id="106" type="text/javascript">
    window.define = window.__define;
    window.require = window.__require;
    window.__define = undefined;
    window.__require = undefined;

</script>
  <script data-jscall-id="107" type="text/javascript">
(()=> {
    JSServe.register_sub_session('67542ef1-d488-463e-8f50-ba458d0b97b4')
    const init_data_b64 = 'H4sIAAAAAAAAA8VUQW/TMBgV1/4K37JKa+ckTuIgjQOMA5VgoHJDyHLjr8WQ2FHsdI0mLuWMBFdugLRyHz+Cv8C/IXNHN1DViXYSOSX63vec917y5ouSN7nm4tO733d3vkhxHlJMkjSmIaYkTAlJSfStMBNmmxI+Ryvs/Jyx13zKTVbJ0ropY2eD4QMtYIU5M7quMvj5owJbVwqNa5VZqRXSitWl4Bb2FJywKc9r6KLTDmqvgwOpLFSlzrmVaoL0GB0dP0aq5TWIK4G0fQUVGtS55MhtGnSiqzeo0MbmDeIGwayEzIK46wgzrYxFJYMcClAWHSLGoF1k7cDCzDL2Ar90yBWmL5WC6nk7bNGrN+y87Swudz6ulb840sWTa/q/+ji40VL/D/u/+z7xkyBKse9HUZCQMKLxOv+FAxMSp1GakiQhSUDjNCRkHdgFS2jcclIchxgHGOP2mJ2DfXoZrPPn8B4aDIdQTaG/DJddhMa4tZUc1W3Wa3zfR56xUHr7S4ruPxtMbjbN307b8S1oK/hsV2kbI/6f0qTaTdrmD3JLZc9uQZnb3VHb5l9+vpW291dtxssylxm/6FImdNG2lNBZ7aprAvbhssXuN4/EnhcnEQlg7PcEobRH4hB6dBzh3oiTiAo8SpMR8bqu//5i7Rvb5NCfSiNHMpe2aY/x3FMO3qoKP1zpuhZf+gt6tI65XwYAAA=='
    JSServe.init_from_b64(init_data_b64)
    if (!true){
        JSServe.update_obs('9744500926414895903', true)
    }
})()
</script>
</div>
~~~
