~~~
<div id="40d33e41-f728-4757-8981-19d3982894cd" data-jscall-id="108" style="visibility: hidden;">
  <div data-jscall-id="103">slider 1: 
    <input step="1" max="100" min="1" data-jscall-id="104" value="1" oninput="JSServe.update_obs('1578363838944870834', parseFloat(value))" type="range" />
    <p data-jscall-id="102">1</p>
  </div>
  <script data-jscall-id="105" type="text/javascript">
    window.__define = window.define;
    window.__require = window.require;
    window.define = undefined;
    window.require = undefined;

</script>
  <script data-jscall-id="106" type="text/javascript">
    window.define = window.__define;
    window.require = window.__require;
    window.__define = undefined;
    window.__require = undefined;

</script>
  <script data-jscall-id="107" type="text/javascript">
(()=> {
    JSServe.register_sub_session('40d33e41-f728-4757-8981-19d3982894cd')
    const init_data_b64 = 'H4sIAAAAAAAAA8VUwY7TMBQU136Fb9lK224cu7GDtBxgOVAJFlRuCFne+LUYEjtKnG4jxKWckeDKDZC23JeP4Bf4G9J0SQFVXdGuRE6O3rznNzPJzBeZrBIr1ce3v063Pmt1iQeMk5BwwiNKOfM5oV/TYiJclcGnQYudXwrxUk5lEec6c01ViIvh6J5V0GIuClvmMfz4noMrc4PGpYmdtgZZI8pMSQcHBs7FVCYldNHrDqqfoyNtHOSZTaTTZoLsGJ2cPkSmnlsgaRSy7gXkaFgmWqKms0DnNn+FUlu4pEKyQDDLIHagbjcDY2sKhzIBCaRgHDpGQkDdKOqCg5kT4pn/vEG2mL42BvKndbFGtxt23nQWVz0fNtJfnNj00W/8v2A/uFZS/If83zCNKCMs9HHAWEipP4g26q+WgwmmQYA5DzmjA9/3Axxuwq4GMx5hwuslMA+DwCeE4b2NfXxlbKPP8R00HI0gn0J/Za5Ymiakc7k+K2uvN+h+iLzCQeYdrkZ0/1lger1oeDdupzfALZWz/ahtt/h/MtNmX9O2fpA7UntyA9Sa3j1t2/7Lz3fi9m6dZjLLEh3LZZYKZdM6pZSNyya6JuDur1LsbvVAHXjUV4QAxb0xC3iPsgHr8YjjHo4UiXhQ7xcrr9vk319T+4WrEuhPdaHPdKJdVV/jNW8JeG0Uvl/zCtbH6CfWxYquXwYAAA=='
    JSServe.init_from_b64(init_data_b64)
    if (!true){
        JSServe.update_obs('1551652449107857037', true)
    }
})()
</script>
</div>
~~~
