~~~
<div id="be7ac260-d196-407b-8675-e3027de6eb2b" data-jscall-id="108" style="visibility: hidden;">
  <div data-jscall-id="103">slider 1: 
    <input step="1" max="100" min="1" data-jscall-id="104" value="1" oninput="JSServe.update_obs('4996900990848751108', parseFloat(value))" type="range" />
    <p data-jscall-id="102">1</p>
  </div>
  <script data-jscall-id="105" type="text/javascript">
    window.__define = window.define;
    window.__require = window.require;
    window.define = undefined;
    window.require = undefined;

</script>
  <script data-jscall-id="106" type="text/javascript">
    window.define = window.__define;
    window.require = window.__require;
    window.__define = undefined;
    window.__require = undefined;

</script>
  <script data-jscall-id="107" type="text/javascript">
(()=> {
    JSServe.register_sub_session('be7ac260-d196-407b-8675-e3027de6eb2b')
    const init_data_b64 = 'H4sIAAAAAAAAA8VUy27TQBQV23zF7NxITTrj+olUFlAWRIKCwg6h0dhzGwbsGcszTmNVbMIaCbbsAKlhXz6CX+BvmE6KW1CUiqQSlizZuude+5xz58wXFWsLxfind7+f7nwR/DxI0yjFOE1xEiRxSAhOvpV6Qk1bweeww87PKX3NpkzntaiMq1J6Nho/UBw6zJlWTZ3Dzx81mKaW6LiRuRFKIiVpU3FmYEfCCZ2yooE+Ou0he+3tCWmgrlTBjJATpI7R4dFjJO1cjZjkSJlXUKNRUwiGXKdGJ6p+g0qlTdEiphHMKsgN8LtuYK6kNqiiUEAJ0qADRCnYRmoLBmaG0hf4pUN2mKGQEurntmjR3R/23vYWlz0fV9JfHKryyTX+Xwn2b5SU/CH/dxLEUUzSBMckCYmf+vvYX6U/d+A4jkga7SdRGNg78m3HKrAzNkkCHIapBUU4IT6xnVsb+/TSWKfPwT00Go+hnsJwaS69MI0yY2qRNdbrFbrvIk8bqLzd5Yj+Pwsc3Cwa2Yzb0S1wK9lsW2prLf6f1ITcjtr6hdyQ2bNbYOZ6t+S2/sjPN+L2/irNWFUVImcXWUq5Km1KcZU3LromYB4uU+x++4jveBnELPcjPOB2jQYBjrNBEsXhAOwZiTlEkPmZ13f599fUoTZtAcOp0CIThTCt/Yzn3grwuij8cMXr2mKmvwDDAX2wXwYAAA=='
    JSServe.init_from_b64(init_data_b64)
    if (!true){
        JSServe.update_obs('8781486372886738364', true)
    }
})()
</script>
</div>
~~~
